<?xml version="1.0" encoding="UTF-8"?>
<testng-results ignored="0" total="1" passed="1" failed="0" skipped="0">
  <reporter-output>
  </reporter-output>
  <suite started-at="2026-01-17T20:23:30 IST" name="Default suite" finished-at="2026-01-17T20:23:42 IST" duration-ms="11405">
    <groups>
    </groups>
    <test started-at="2026-01-17T20:23:30 IST" name="Default test" finished-at="2026-01-17T20:23:42 IST" duration-ms="11405">
      <class name="Testing.TestingClass1">
        <test-method is-config="true" signature="launchingBrowser()[pri:0, instance:Testing.TestingClass1@50caa560]" started-at="2026-01-17T20:23:30 IST" name="launchingBrowser" finished-at="2026-01-17T20:23:42 IST" duration-ms="11179" status="PASS">
          <reporter-output>
          </reporter-output>
        </test-method> <!-- launchingBrowser -->
        <test-method signature="homePageVerify()[pri:0, instance:Testing.TestingClass1@50caa560]" started-at="2026-01-17T20:23:42 IST" name="homePageVerify" finished-at="2026-01-17T20:23:42 IST" duration-ms="133" status="PASS">
          <reporter-output>
          </reporter-output>
        </test-method> <!-- homePageVerify -->
      </class> <!-- Testing.TestingClass1 -->
    </test> <!-- Default test -->
  </suite> <!-- Default suite -->
</testng-results>
